<?xml version="1.0" encoding="UTF-8" ?>
<<<<<<< HEAD
<testsuite tests="1" failures="0" name="com.sgic.hrm.commons.AppTest" time="0.009" errors="0" skipped="0">
=======
<testsuite tests="1" failures="0" name="com.sgic.hrm.commons.AppTest" time="0.015" errors="0" skipped="0">
>>>>>>> c70a3f56ae341ab1f34191785c525fc26ff4d626
  <properties>
    <property name="java.runtime.name" value="Java(TM) SE Runtime Environment"/>
    <property name="sun.boot.library.path" value="C:\Program Files\Java\jdk1.8.0_171\jre\bin"/>
    <property name="java.vm.version" value="25.171-b11"/>
    <property name="java.vm.vendor" value="Oracle Corporation"/>
<<<<<<< HEAD
    <property name="maven.multiModuleProjectDirectory" value="E:\SGIC HRM Sys\new backend\hrm-system\hrm-commons"/>
=======
    <property name="maven.multiModuleProjectDirectory" value="E:\BE\hrm-system\hrm-commons"/>
>>>>>>> c70a3f56ae341ab1f34191785c525fc26ff4d626
    <property name="java.vendor.url" value="http://java.oracle.com/"/>
    <property name="path.separator" value=";"/>
    <property name="guice.disable.misplaced.annotation.check" value="true"/>
    <property name="java.vm.name" value="Java HotSpot(TM) 64-Bit Server VM"/>
    <property name="file.encoding.pkg" value="sun.io"/>
    <property name="user.script" value=""/>
    <property name="user.country" value="US"/>
    <property name="sun.java.launcher" value="SUN_STANDARD"/>
    <property name="sun.os.patch.level" value=""/>
    <property name="java.vm.specification.name" value="Java Virtual Machine Specification"/>
<<<<<<< HEAD
    <property name="user.dir" value="E:\SGIC HRM Sys\new backend\hrm-system\hrm-commons"/>
=======
    <property name="user.dir" value="E:\BE\hrm-system\hrm-commons"/>
>>>>>>> c70a3f56ae341ab1f34191785c525fc26ff4d626
    <property name="java.runtime.version" value="1.8.0_171-b11"/>
    <property name="java.awt.graphicsenv" value="sun.awt.Win32GraphicsEnvironment"/>
    <property name="java.endorsed.dirs" value="C:\Program Files\Java\jdk1.8.0_171\jre\lib\endorsed"/>
    <property name="os.arch" value="amd64"/>
<<<<<<< HEAD
    <property name="java.io.tmpdir" value="C:\Users\Thusya\AppData\Local\Temp\"/>
=======
    <property name="java.io.tmpdir" value="C:\Users\Jenisha\AppData\Local\Temp\"/>
>>>>>>> c70a3f56ae341ab1f34191785c525fc26ff4d626
    <property name="line.separator" value="
"/>
    <property name="java.vm.specification.vendor" value="Oracle Corporation"/>
    <property name="user.variant" value=""/>
    <property name="os.name" value="Windows 10"/>
<<<<<<< HEAD
    <property name="classworlds.conf" value="E:\angular\springboot\.metadata\.plugins\org.eclipse.m2e.launching\launches\m2conf2476498111177327581.tmp"/>
    <property name="sun.jnu.encoding" value="Cp1252"/>
    <property name="java.library.path" value="C:\Program Files\Java\jdk1.8.0_171\bin;C:\WINDOWS\Sun\Java\bin;C:\WINDOWS\system32;C:\WINDOWS;C:/Program Files/Java/jre1.8.0_171/bin/server;C:/Program Files/Java/jre1.8.0_171/bin;C:/Program Files/Java/jre1.8.0_171/lib/amd64;C:\Program Files (x86)\Intel\Intel(R) Management Engine Components\iCLS\;C:\Program Files\Intel\Intel(R) Management Engine Components\iCLS\;C:\Program Files (x86)\Common Files\Oracle\Java\javapath;C:\WINDOWS\system32;C:\WINDOWS;C:\WINDOWS\System32\Wbem;C:\WINDOWS\System32\WindowsPowerShell\v1.0\;C:\Program Files\Java\jdk1.8.0_171\bin;C:\Program Files\MySQL\MySQL Server 8.0\bin;C:\Program Files\Git\cmd;C:\WINDOWS\System32\OpenSSH\;C:\Program Files\Intel\WiFi\bin\;C:\Program Files\Common Files\Intel\WirelessCommon\;C:\Program Files (x86)\Intel\Intel(R) Management Engine Components\DAL;C:\Program Files\Intel\Intel(R) Management Engine Components\DAL;C:\Program Files (x86)\Intel\Intel(R) Management Engine Components\IPT;C:\Program Files\Intel\Intel(R) Management Engine Components\IPT;C:\PostgreSQL\pg10\bin;C:\Program Files\nodejs\;C:\Users\Thusya\AppData\Local\Microsoft\WindowsApps;C:\Users\Thusya\AppData\Roaming\npm;C:\Users\Thusya\AppData\Local\Programs\Microsoft VS Code\bin;C:\Users\Thusya\Downloads\eclipse-jee-photon-R-win32-x86_64\eclipse;;."/>
=======
    <property name="classworlds.conf" value="C:\Users\Jenisha\Desktop\New folder\.metadata\.plugins\org.eclipse.m2e.launching\launches\m2conf6381261828288345451.tmp"/>
    <property name="sun.jnu.encoding" value="Cp1252"/>
    <property name="java.library.path" value="C:\Program Files\Java\jdk1.8.0_171\bin;C:\WINDOWS\Sun\Java\bin;C:\WINDOWS\system32;C:\WINDOWS;C:/Program Files/Java/jre1.8.0_171/bin/server;C:/Program Files/Java/jre1.8.0_171/bin;C:/Program Files/Java/jre1.8.0_171/lib/amd64;C:\Program Files (x86)\Common Files\Oracle\Java\javapath;C:\Program Files (x86)\Intel\iCLS Client\;C:\Program Files\Intel\iCLS Client\;C:\WINDOWS\system32;C:\WINDOWS;C:\WINDOWS\System32\Wbem;C:\WINDOWS\System32\WindowsPowerShell\v1.0\;C:\Program Files (x86)\Intel\Intel(R) Management Engine Components\DAL;C:\Program Files\Intel\Intel(R) Management Engine Components\DAL;C:\Program Files (x86)\Intel\Intel(R) Management Engine Components\IPT;C:\Program Files\Intel\Intel(R) Management Engine Components\IPT;C:\Program Files\Git\cmd;C:\WINDOWS\System32\OpenSSH\;C:\Program Files\Intel\WiFi\bin\;C:\Program Files\Common Files\Intel\WirelessCommon\;C:\PostgreSQL\pg10\bin;C:\Program Files\nodejs\;C:\Users\Jenisha\AppData\Local\Microsoft\WindowsApps;C:\Users\Jenisha\AppData\Roaming\npm;C:\Users\Jenisha\AppData\Local\Programs\Microsoft VS Code\bin;C:\Users\Jenisha\Downloads\eclipse-jee-photon-R-win32-x86_64\eclipse;;."/>
>>>>>>> c70a3f56ae341ab1f34191785c525fc26ff4d626
    <property name="java.specification.name" value="Java Platform API Specification"/>
    <property name="java.class.version" value="52.0"/>
    <property name="sun.management.compiler" value="HotSpot 64-Bit Tiered Compilers"/>
    <property name="os.version" value="10.0"/>
<<<<<<< HEAD
    <property name="user.home" value="C:\Users\Thusya"/>
=======
    <property name="user.home" value="C:\Users\Jenisha"/>
>>>>>>> c70a3f56ae341ab1f34191785c525fc26ff4d626
    <property name="user.timezone" value="Asia/Colombo"/>
    <property name="java.awt.printerjob" value="sun.awt.windows.WPrinterJob"/>
    <property name="java.specification.version" value="1.8"/>
    <property name="file.encoding" value="Cp1252"/>
<<<<<<< HEAD
    <property name="user.name" value="Thusya"/>
    <property name="java.class.path" value="C:\Users\Thusya\Downloads\eclipse-jee-photon-R-win32-x86_64\eclipse\plugins\org.eclipse.m2e.maven.runtime_1.9.0.20180606-2035\jars\plexus-classworlds-2.5.2.jar"/>
=======
    <property name="user.name" value="Jenisha"/>
    <property name="java.class.path" value="C:\Users\Jenisha\Downloads\eclipse-jee-photon-R-win32-x86_64\eclipse\plugins\org.eclipse.m2e.maven.runtime_1.9.1.20180912-1600\jars\plexus-classworlds-2.5.2.jar"/>
>>>>>>> c70a3f56ae341ab1f34191785c525fc26ff4d626
    <property name="java.vm.specification.version" value="1.8"/>
    <property name="sun.arch.data.model" value="64"/>
    <property name="java.home" value="C:\Program Files\Java\jdk1.8.0_171\jre"/>
    <property name="sun.java.command" value="org.codehaus.plexus.classworlds.launcher.Launcher -B clean install"/>
    <property name="java.specification.vendor" value="Oracle Corporation"/>
    <property name="user.language" value="en"/>
    <property name="awt.toolkit" value="sun.awt.windows.WToolkit"/>
    <property name="java.vm.info" value="mixed mode"/>
    <property name="java.version" value="1.8.0_171"/>
    <property name="java.ext.dirs" value="C:\Program Files\Java\jdk1.8.0_171\jre\lib\ext;C:\WINDOWS\Sun\Java\lib\ext"/>
    <property name="sun.boot.class.path" value="C:\Program Files\Java\jdk1.8.0_171\jre\lib\resources.jar;C:\Program Files\Java\jdk1.8.0_171\jre\lib\rt.jar;C:\Program Files\Java\jdk1.8.0_171\jre\lib\sunrsasign.jar;C:\Program Files\Java\jdk1.8.0_171\jre\lib\jsse.jar;C:\Program Files\Java\jdk1.8.0_171\jre\lib\jce.jar;C:\Program Files\Java\jdk1.8.0_171\jre\lib\charsets.jar;C:\Program Files\Java\jdk1.8.0_171\jre\lib\jfr.jar;C:\Program Files\Java\jdk1.8.0_171\jre\classes"/>
    <property name="java.vendor" value="Oracle Corporation"/>
<<<<<<< HEAD
    <property name="maven.home" value="E:\SGIC HRM Sys\new backend\hrm-system\hrm-commons\EMBEDDED"/>
=======
    <property name="maven.home" value="E:\BE\hrm-system\hrm-commons\EMBEDDED"/>
>>>>>>> c70a3f56ae341ab1f34191785c525fc26ff4d626
    <property name="file.separator" value="\"/>
    <property name="java.vendor.url.bug" value="http://bugreport.sun.com/bugreport/"/>
    <property name="sun.cpu.endian" value="little"/>
    <property name="sun.io.unicode.encoding" value="UnicodeLittle"/>
    <property name="sun.desktop" value="windows"/>
    <property name="sun.cpu.isalist" value="amd64"/>
  </properties>
<<<<<<< HEAD
  <testcase classname="com.sgic.hrm.commons.AppTest" name="testApp" time="0.009"/>
=======
  <testcase classname="com.sgic.hrm.commons.AppTest" name="testApp" time="0.015"/>
>>>>>>> c70a3f56ae341ab1f34191785c525fc26ff4d626
</testsuite>